Using pre-set license
Built from '2021.3/staging' branch; Version is '2021.3.15f1 (e8e88683f834) revision 15263878'; Using compiler version '192829333'; Build Type 'Release'
OS: 'Windows 10  (10.0.19045) 64bit CoreSingleLanguage' Language: 'en' Physical Memory: 7549 MB
BatchMode: 1, IsHumanControllingUs: 0, StartBugReporterOnCrash: 0, Is64bit: 1, IsPro: 1

COMMAND LINE ARGUMENTS:
C:\Program Files\Unity\Hub\Editor\2021.3.15f1\Editor\Unity.exe
-adb2
-batchMode
-noUpm
-name
AssetImportWorker2
-projectPath
C:/Users/Fitz/Documents/Infectious/Infectious
-logFile
Logs/AssetImportWorker2.log
-srvPort
52554
Successfully changed project path to: C:/Users/Fitz/Documents/Infectious/Infectious
C:/Users/Fitz/Documents/Infectious/Infectious
[UnityMemory] Configuration Parameters - Can be set up in boot.config
    "memorysetup-bucket-allocator-granularity=16"
    "memorysetup-bucket-allocator-bucket-count=8"
    "memorysetup-bucket-allocator-block-size=33554432"
    "memorysetup-bucket-allocator-block-count=8"
    "memorysetup-main-allocator-block-size=16777216"
    "memorysetup-thread-allocator-block-size=16777216"
    "memorysetup-gfx-main-allocator-block-size=16777216"
    "memorysetup-gfx-thread-allocator-block-size=16777216"
    "memorysetup-cache-allocator-block-size=4194304"
    "memorysetup-typetree-allocator-block-size=2097152"
    "memorysetup-profiler-bucket-allocator-granularity=16"
    "memorysetup-profiler-bucket-allocator-bucket-count=8"
    "memorysetup-profiler-bucket-allocator-block-size=33554432"
    "memorysetup-profiler-bucket-allocator-block-count=8"
    "memorysetup-profiler-allocator-block-size=16777216"
    "memorysetup-profiler-editor-allocator-block-size=1048576"
    "memorysetup-temp-allocator-size-main=16777216"
    "memorysetup-job-temp-allocator-block-size=2097152"
    "memorysetup-job-temp-allocator-block-size-background=1048576"
    "memorysetup-job-temp-allocator-reduction-small-platforms=262144"
    "memorysetup-temp-allocator-size-background-worker=32768"
    "memorysetup-temp-allocator-size-job-worker=262144"
    "memorysetup-temp-allocator-size-preload-manager=33554432"
    "memorysetup-temp-allocator-size-nav-mesh-worker=65536"
    "memorysetup-temp-allocator-size-audio-worker=65536"
    "memorysetup-temp-allocator-size-cloud-worker=32768"
    "memorysetup-temp-allocator-size-gi-baking-worker=262144"
    "memorysetup-temp-allocator-size-gfx=262144"
Player connection [4540] Host "[IP] 192.168.100.51 [Port] 0 [Flags] 2 [Guid] 1157289479 [EditorId] 1157289479 [Version] 1048832 [Id] WindowsEditor(7,DESKTOP-94F8G3J) [Debug] 1 [PackageName] WindowsEditor [ProjectName] Editor" joined multi-casting on [225.0.0.222:54997]...

Player connection [4540] Host "[IP] 192.168.100.51 [Port] 0 [Flags] 2 [Guid] 1157289479 [EditorId] 1157289479 [Version] 1048832 [Id] WindowsEditor(7,DESKTOP-94F8G3J) [Debug] 1 [PackageName] WindowsEditor [ProjectName] Editor" joined alternative multi-casting on [225.0.0.222:34997]...

Refreshing native plugins compatible for Editor in 128.85 ms, found 4 plugins.
Preloading 0 native plugins for Editor in 0.00 ms.
Initialize engine version: 2021.3.15f1 (e8e88683f834)
[Subsystems] Discovering subsystems at path C:/Program Files/Unity/Hub/Editor/2021.3.15f1/Editor/Data/Resources/UnitySubsystems
[Subsystems] Discovering subsystems at path C:/Users/Fitz/Documents/Infectious/Infectious/Assets
GfxDevice: creating device client; threaded=0; jobified=0
Direct3D:
    Version:  Direct3D 11.0 [level 11.1]
    Renderer: NVIDIA GeForce GTX 1650 (ID=0x1f99)
    Vendor:   NVIDIA
    VRAM:     3950 MB
    Driver:   31.0.15.4617
Invalid texture used for cursor - check importer settings or texture creation. Texture must be RGBA32, readable, have alphaIsTransparency enabled and have no mip chain.
Initialize mono
Mono path[0] = 'C:/Program Files/Unity/Hub/Editor/2021.3.15f1/Editor/Data/Managed'
Mono path[1] = 'C:/Program Files/Unity/Hub/Editor/2021.3.15f1/Editor/Data/MonoBleedingEdge/lib/mono/unityjit-win32'
Mono config path = 'C:/Program Files/Unity/Hub/Editor/2021.3.15f1/Editor/Data/MonoBleedingEdge/etc'
Using monoOptions --debugger-agent=transport=dt_socket,embedding=1,server=y,suspend=n,address=127.0.0.1:56136
Begin MonoManager ReloadAssembly
Registering precompiled unity dll's ...
Register platform support module: C:/Program Files/Unity/Hub/Editor/2021.3.15f1/Editor/Data/PlaybackEngines/AndroidPlayer/UnityEditor.Android.Extensions.dll
Register platform support module: C:/Program Files/Unity/Hub/Editor/2021.3.15f1/Editor/Data/PlaybackEngines/WindowsStandaloneSupport/UnityEditor.WindowsStandalone.Extensions.dll
Registered in 0.009386 seconds.
Native extension for WindowsStandalone target not found
Native extension for Android target not found
Refreshing native plugins compatible for Editor in 145.57 ms, found 4 plugins.
Preloading 0 native plugins for Editor in 0.00 ms.
Mono: successfully reloaded assembly
- Completed reload, in  0.849 seconds
Domain Reload Profiling:
	ReloadAssembly (850ms)
		BeginReloadAssembly (77ms)
			ExecutionOrderSort (0ms)
			DisableScriptedObjects (0ms)
			BackupInstance (0ms)
			ReleaseScriptingObjects (0ms)
			CreateAndSetChildDomain (1ms)
		EndReloadAssembly (652ms)
			LoadAssemblies (75ms)
			RebuildTransferFunctionScriptingTraits (0ms)
			SetupTypeCache (140ms)
			ReleaseScriptCaches (0ms)
			RebuildScriptCaches (34ms)
			SetupLoadedEditorAssemblies (418ms)
				LogAssemblyErrors (0ms)
				InitializePlatformSupportModulesInManaged (75ms)
				SetLoadedEditorAssemblies (0ms)
				RefreshPlugins (146ms)
				BeforeProcessingInitializeOnLoad (3ms)
				ProcessInitializeOnLoadAttributes (141ms)
				ProcessInitializeOnLoadMethodAttributes (53ms)
				AfterProcessingInitializeOnLoad (0ms)
				EditorAssembliesLoaded (0ms)
			ExecutionOrderSort2 (0ms)
			AwakeInstancesAfterBackupRestoration (0ms)
Platform modules already initialized, skipping
Registering precompiled user dll's ...
Registered in 0.007342 seconds.
Begin MonoManager ReloadAssembly
Symbol file LoadedFromMemory doesn't match image C:\Users\Fitz\Documents\Infectious\Infectious\Library\PackageCache\com.unity.visualscripting@1.7.8\Editor\VisualScripting.Core\Dependencies\YamlDotNet\Unity.VisualScripting.YamlDotNet.dll
Symbol file LoadedFromMemory doesn't match image C:\Users\Fitz\Documents\Infectious\Infectious\Library\PackageCache\com.unity.visualscripting@1.7.8\Editor\VisualScripting.Core\Dependencies\DotNetZip\Unity.VisualScripting.IonicZip.dll
Native extension for WindowsStandalone target not found
Native extension for Android target not found
Refreshing native plugins compatible for Editor in 126.99 ms, found 4 plugins.
Preloading 0 native plugins for Editor in 0.00 ms.
Mono: successfully reloaded assembly
- Completed reload, in  1.915 seconds
Domain Reload Profiling:
	ReloadAssembly (1917ms)
		BeginReloadAssembly (304ms)
			ExecutionOrderSort (0ms)
			DisableScriptedObjects (10ms)
			BackupInstance (0ms)
			ReleaseScriptingObjects (0ms)
			CreateAndSetChildDomain (144ms)
		EndReloadAssembly (1475ms)
			LoadAssemblies (224ms)
			RebuildTransferFunctionScriptingTraits (0ms)
			SetupTypeCache (426ms)
			ReleaseScriptCaches (1ms)
			RebuildScriptCaches (78ms)
			SetupLoadedEditorAssemblies (716ms)
				LogAssemblyErrors (0ms)
				InitializePlatformSupportModulesInManaged (16ms)
				SetLoadedEditorAssemblies (0ms)
				RefreshPlugins (127ms)
				BeforeProcessingInitializeOnLoad (130ms)
				ProcessInitializeOnLoadAttributes (317ms)
				ProcessInitializeOnLoadMethodAttributes (117ms)
				AfterProcessingInitializeOnLoad (9ms)
				EditorAssembliesLoaded (0ms)
			ExecutionOrderSort2 (0ms)
			AwakeInstancesAfterBackupRestoration (7ms)
Platform modules already initialized, skipping
========================================================================
Worker process is ready to serve import requests
Launched and connected shader compiler UnityShaderCompiler.exe after 0.10 seconds
Refreshing native plugins compatible for Editor in 7.44 ms, found 4 plugins.
Preloading 0 native plugins for Editor in 0.00 ms.
Unloading 5548 Unused Serialized files (Serialized files now loaded: 0)
Unloading 58 unused Assets / (1.2 MB). Loaded Objects now: 5986.
Memory consumption went from 234.6 MB to 233.3 MB.
Total: 27.392000 ms (FindLiveObjects: 3.454500 ms CreateObjectMapping: 1.715900 ms MarkObjects: 19.097700 ms  DeleteObjects: 3.118200 ms)

AssetImportParameters requested are different than current active one (requested -> active):
  custom:video-decoder-ogg-theora: a1e56fd34408186e4bbccfd4996cb3dc -> 
  custom:container-muxer-webm: aa71ff27fc2769a1b78a27578f13a17b -> 
  custom:container-demuxer-webm: 4f35f7cbe854078d1ac9338744f61a02 -> 
  custom:video-encoder-webm-vp8: eb34c28f22e8b96e1ab97ce403110664 -> 
  custom:audio-encoder-webm-vorbis: bf7c407c2cedff20999df2af8eb42d56 -> 
  custom:framework-win-MediaFoundation: 216162199b28c13a410421893ffa2e32 -> 
  custom:container-demuxer-ogg: 62fdf1f143b41e24485cea50d1cbac27 -> 
  custom:video-decoder-webm-vp8: 9c59270c3fd7afecdb556c50c9e8de78 -> 
  custom:audio-decoder-ogg-vorbis: bf7c407c2cedff20999df2af8eb42d56 -> 
========================================================================
Received Import Request.
  Time since last request: 34783.313051 seconds.
  path: Assets/Sprites/ending scenes/ending scene 4.png
  artifactKey: Guid(b461d9b37bbfd9e4e9dbf7f2c59a32eb) Importer(815301076,1909f56bfc062723c751e8b465ee728b)
Start importing Assets/Sprites/ending scenes/ending scene 4.png using Guid(b461d9b37bbfd9e4e9dbf7f2c59a32eb) Importer(815301076,1909f56bfc062723c751e8b465ee728b)  -> (artifact id: '39ecb61c04029d20fb5c1bd027db8750') in 0.576336 seconds 
========================================================================
Received Import Request.
  Time since last request: 0.000037 seconds.
  path: Assets/Sprites/Background Assets/building light.png
  artifactKey: Guid(7fc740108c6a51a4b85df5d35d43f0b1) Importer(815301076,1909f56bfc062723c751e8b465ee728b)
Start importing Assets/Sprites/Background Assets/building light.png using Guid(7fc740108c6a51a4b85df5d35d43f0b1) Importer(815301076,1909f56bfc062723c751e8b465ee728b)  -> (artifact id: 'c81b027d799b936717b9c16e5b25429f') in 0.199520 seconds 
========================================================================
Received Import Request.
  Time since last request: 0.000057 seconds.
  path: Assets/Sprites/Background Assets/world_bg.png
  artifactKey: Guid(57352236b400c754eb00e6152483a9e7) Importer(815301076,1909f56bfc062723c751e8b465ee728b)
Start importing Assets/Sprites/Background Assets/world_bg.png using Guid(57352236b400c754eb00e6152483a9e7) Importer(815301076,1909f56bfc062723c751e8b465ee728b)  -> (artifact id: 'f35bccf3cb36d19e8a2153d102a341ab') in 0.112896 seconds 
========================================================================
Received Import Request.
  Time since last request: 28.502785 seconds.
  path: Assets/Sprites/UI Assets/Toolkit Assets/throat test/Inside of npc mouth.png
  artifactKey: Guid(40601bb670b41c64ebc390bcb695872f) Importer(815301076,1909f56bfc062723c751e8b465ee728b)
Start importing Assets/Sprites/UI Assets/Toolkit Assets/throat test/Inside of npc mouth.png using Guid(40601bb670b41c64ebc390bcb695872f) Importer(815301076,1909f56bfc062723c751e8b465ee728b)  -> (artifact id: '2cbcf94354041e2401914add84fe80d2') in 0.171634 seconds 
========================================================================
Received Import Request.
  Time since last request: 5.837997 seconds.
  path: Assets/Sprites/UI Assets/Toolkit Assets/UrineTest/Urine test tube icon 1.png
  artifactKey: Guid(02c2b048b2756a341990c842ff8632d5) Importer(815301076,1909f56bfc062723c751e8b465ee728b)
Start importing Assets/Sprites/UI Assets/Toolkit Assets/UrineTest/Urine test tube icon 1.png using Guid(02c2b048b2756a341990c842ff8632d5) Importer(815301076,1909f56bfc062723c751e8b465ee728b)  -> (artifact id: 'aac4028cd01677fe16dbc40c492f1c25') in 0.088930 seconds 
========================================================================
Received Import Request.
  Time since last request: 7.066002 seconds.
  path: Assets/Sprites/UI Assets/Toolkit Assets/X-ray/update sprites
  artifactKey: Guid(ca46ee080f9cd1d419e1cd53318ebb77) Importer(815301076,1909f56bfc062723c751e8b465ee728b)
Start importing Assets/Sprites/UI Assets/Toolkit Assets/X-ray/update sprites using Guid(ca46ee080f9cd1d419e1cd53318ebb77) Importer(815301076,1909f56bfc062723c751e8b465ee728b)  -> (artifact id: '4a0b1e48a7b78e295f700909f48dc2bd') in 0.012781 seconds 
========================================================================
Received Import Request.
  Time since last request: 0.023671 seconds.
  path: Assets/Sprites/UI Assets/Toolkit Assets/X-ray/update sprites/xray icon low opacity.png
  artifactKey: Guid(e25ef6366986a0b4fb86bc7c4164c746) Importer(815301076,1909f56bfc062723c751e8b465ee728b)
Start importing Assets/Sprites/UI Assets/Toolkit Assets/X-ray/update sprites/xray icon low opacity.png using Guid(e25ef6366986a0b4fb86bc7c4164c746) Importer(815301076,1909f56bfc062723c751e8b465ee728b)  -> (artifact id: 'ec0d54bf352c8466d5c763627b61c677') in 0.087303 seconds 
========================================================================
Received Import Request.
  Time since last request: 273.375930 seconds.
  path: Assets/TextMesh Pro/Fonts/Caveat-Regular SDF.asset
  artifactKey: Guid(2cbc93cd9a2e73444b62ab6b9a484969) Importer(815301076,1909f56bfc062723c751e8b465ee728b)
Start importing Assets/TextMesh Pro/Fonts/Caveat-Regular SDF.asset using Guid(2cbc93cd9a2e73444b62ab6b9a484969) Importer(815301076,1909f56bfc062723c751e8b465ee728b)  -> (artifact id: 'b79283973ea5391c866b53c9a0e336c9') in 0.299198 seconds 
========================================================================
Received Import Request.
  Time since last request: 0.000043 seconds.
  path: Assets/TextMesh Pro/Fonts/STAMPWRITER-KIT SDF.asset
  artifactKey: Guid(195a2858ba2051e4a97dd6c3d7e49cc5) Importer(815301076,1909f56bfc062723c751e8b465ee728b)
Start importing Assets/TextMesh Pro/Fonts/STAMPWRITER-KIT SDF.asset using Guid(195a2858ba2051e4a97dd6c3d7e49cc5) Importer(815301076,1909f56bfc062723c751e8b465ee728b)  -> (artifact id: '4100c4ab2476dcdc7856c8cf51d830ea') in 0.041704 seconds 
========================================================================
Received Import Request.
  Time since last request: 0.000039 seconds.
  path: Assets/TextMesh Pro/Fonts/LiberationSans SDF White.asset
  artifactKey: Guid(cd757f88be8ea464b97abb26146cb05e) Importer(815301076,1909f56bfc062723c751e8b465ee728b)
Start importing Assets/TextMesh Pro/Fonts/LiberationSans SDF White.asset using Guid(cd757f88be8ea464b97abb26146cb05e) Importer(815301076,1909f56bfc062723c751e8b465ee728b)  -> (artifact id: 'd5268222a5f8a967d26836e9e551e856') in 0.035052 seconds 
Editor requested this worker to shutdown with reason: Scaling down because of idle timeout
AssetImportWorker is now disconnected from the server
Process exiting
Exiting without the bug reporter. Application will terminate with return code 0